<?xml version="1.0" encoding="UTF-8"?>
<!-- Generated by org.testng.reporters.JUnitXMLReporter -->
<testsuite ignored="0" hostname="LAPTOP-J7CF5V3J" failures="1" tests="1" name="sanity" time="6.537" errors="0" timestamp="2023-09-16T15:14:20 IST">
  <testcase classname="dipi.ExtentReports.ExtentReportsDemo" name="initialdemo" time="5.973">
    <failure type="java.lang.AssertionError" message="expected [Selenium, API  , Software Testing &amp;amp; More QA Tutorials | Rahul Shetty Academy] but found [Selenium, API Testing, Software Testing &amp;amp; More QA Tutorials | Rahul Shetty Academy]">
      <![CDATA[java.lang.AssertionError: expected [Selenium, API  , Software Testing & More QA Tutorials | Rahul Shetty Academy] but found [Selenium, API Testing, Software Testing & More QA Tutorials | Rahul Shetty Academy]
at dipi.ExtentReports.ExtentReportsDemo.initialdemo(ExtentReportsDemo.java:52)
at java.base/java.util.ArrayList.forEach(ArrayList.java:1511)
... Removed 33 stack frames]]>
    </failure>
  </testcase> <!-- initialdemo -->
</testsuite> <!-- sanity -->
