<?xml version="1.0" encoding="UTF-8"?>
<!-- Generated by org.testng.reporters.JUnitXMLReporter -->
<testsuite ignored="0" hostname="LAPTOP-J7CF5V3J" failures="2" tests="2" name="Test" time="6.16" errors="0" timestamp="2023-09-16T15:11:31 IST">
  <testcase classname="dipi.ExtentReports.ExtentReportsDemo" name="initialdemo" time="6.067">
    <failure type="java.lang.AssertionError" message="expected [Selenium, API  , Software Testing &amp;amp; More QA Tutorials | Rahul Shetty Academy] but found [Selenium, API Testing, Software Testing &amp;amp; More QA Tutorials | Rahul Shetty Academy]">
      <![CDATA[java.lang.AssertionError: expected [Selenium, API  , Software Testing & More QA Tutorials | Rahul Shetty Academy] but found [Selenium, API Testing, Software Testing & More QA Tutorials | Rahul Shetty Academy]
at dipi.ExtentReports.ExtentReportsDemo.initialdemo(ExtentReportsDemo.java:52)
at java.base/java.util.ArrayList.forEach(ArrayList.java:1511)
... Removed 33 stack frames]]>
    </failure>
  </testcase> <!-- initialdemo -->
  <testcase classname="dipi.ExtentReports.ExtentReportsDemo" name="initialdemo" time="6.106">
    <failure type="java.lang.NullPointerException" message="Cannot invoke &amp;quot;org.openqa.selenium.TakesScreenshot.getScreenshotAs(org.openqa.selenium.OutputType)&amp;quot; because &amp;quot;ts&amp;quot; is null">
      <![CDATA[java.lang.NullPointerException: Cannot invoke "org.openqa.selenium.TakesScreenshot.getScreenshotAs(org.openqa.selenium.OutputType)" because "ts" is null
at dipi.TestComponents.BaseTest.getScreenshot(BaseTest.java:17)
at dipi.TestComponents.Listeners.onTestFailure(Listeners.java:47)
at java.base/java.util.ArrayList.forEach(ArrayList.java:1511)
... Removed 24 stack frames]]>
    </failure>
  </testcase> <!-- initialdemo -->
</testsuite> <!-- Test -->
